TN:
SF:script/DeployRaffle.s.sol
FN:10,DeployRaffle.run
FNDA:0,DeployRaffle.run
DA:11,0
DA:12,0
DA:14,0
DA:23,0
DA:25,0
BRDA:25,0,0,-
BRDA:25,0,1,-
DA:26,0
DA:27,0
DA:29,0
DA:30,0
DA:33,0
DA:34,0
DA:35,0
DA:38,0
DA:39,0
FNF:1
FNH:0
LF:14
LH:0
BRF:2
BRH:0
end_of_record
TN:
SF:script/HelperConfig.s.sol
FN:34,HelperConfig.getMainnetEthConfig
FNDA:0,HelperConfig.getMainnetEthConfig
DA:35,0
FN:47,HelperConfig.getSepoliaEthConfig
FNDA:0,HelperConfig.getSepoliaEthConfig
DA:48,0
FN:60,HelperConfig.getOrCreateAnvilEthConfig
FNDA:0,HelperConfig.getOrCreateAnvilEthConfig
DA:62,0
BRDA:62,0,0,-
BRDA:62,0,1,-
DA:63,0
DA:66,0
DA:67,0
DA:69,0
DA:70,0
DA:71,0
DA:72,0
DA:74,0
DA:76,0
FNF:3
FNH:0
LF:12
LH:0
BRF:2
BRH:0
end_of_record
TN:
SF:script/Interactions.s.sol
FN:40,AddConsumer.addConsumerUsingConfig
FNDA:0,AddConsumer.addConsumerUsingConfig
DA:41,0
DA:43,0
DA:45,0
FN:48,AddConsumer.addConsumer
FNDA:0,AddConsumer.addConsumer
DA:49,0
DA:50,0
DA:51,0
DA:53,0
DA:54,0
DA:55,0
FN:58,AddConsumer.run
FNDA:0,AddConsumer.run
DA:59,0
DA:61,0
FN:12,CreateSubscription.createSubscriptionUsingConfig
FNDA:0,CreateSubscription.createSubscriptionUsingConfig
DA:14,0
DA:16,0
DA:18,0
FN:21,CreateSubscription.createSubscription
FNDA:0,CreateSubscription.createSubscription
DA:22,0
DA:24,0
DA:25,0
DA:26,0
DA:28,0
DA:29,0
DA:31,0
FN:34,CreateSubscription.run
FNDA:0,CreateSubscription.run
DA:35,0
FN:69,FundSubscription.fundSubscriptionUsingConfig
FNDA:0,FundSubscription.fundSubscriptionUsingConfig
DA:70,0
DA:72,0
DA:74,0
FN:77,FundSubscription.fundSubscription
FNDA:0,FundSubscription.fundSubscription
DA:78,0
DA:79,0
DA:80,0
DA:82,0
BRDA:82,0,0,-
BRDA:82,0,1,-
DA:83,0
DA:84,0
DA:85,0
DA:87,0
DA:88,0
DA:89,0
DA:90,0
DA:92,0
DA:93,0
DA:94,0
FN:98,FundSubscription.run
FNDA:0,FundSubscription.run
DA:99,0
FNF:9
FNH:0
LF:40
LH:0
BRF:2
BRH:0
end_of_record
TN:
SF:src/Raffle.sol
FN:88,Raffle.enterRaffle
FNDA:18,Raffle.enterRaffle
DA:91,18
BRDA:91,0,0,1
BRDA:91,0,1,17
DA:92,1
DA:94,17
BRDA:94,1,0,1
BRDA:94,1,1,16
DA:95,1
DA:97,16
DA:100,16
FN:112,Raffle.checkUpkeep
FNDA:4,Raffle.checkUpkeep
DA:113,10
DA:114,10
DA:115,10
DA:116,10
DA:117,10
DA:118,10
FN:125,Raffle.performUpkeep
FNDA:6,Raffle.performUpkeep
DA:126,6
DA:128,6
BRDA:128,2,0,-
BRDA:128,2,1,1
DA:129,1
DA:131,5
DA:132,5
DA:134,5
FN:141,Raffle.fulfillRandomWords
FNDA:1,Raffle.fulfillRandomWords
DA:148,1
DA:149,1
DA:150,1
DA:151,1
DA:152,1
DA:153,1
DA:154,1
DA:156,1
BRDA:156,3,0,-
BRDA:156,3,1,1
DA:157,0
DA:159,1
FN:164,Raffle.getRaffleState
FNDA:5,Raffle.getRaffleState
DA:165,5
FN:168,Raffle.getNumWords
FNDA:1,Raffle.getNumWords
DA:169,1
FN:172,Raffle.getRequestConfirmations
FNDA:1,Raffle.getRequestConfirmations
DA:173,1
FN:176,Raffle.getRecentWinner
FNDA:1,Raffle.getRecentWinner
DA:177,1
FN:180,Raffle.getPlayer
FNDA:1,Raffle.getPlayer
DA:181,1
FN:184,Raffle.getLastTimeStamp
FNDA:2,Raffle.getLastTimeStamp
DA:185,2
FN:188,Raffle.getInterval
FNDA:1,Raffle.getInterval
DA:189,1
FN:192,Raffle.getEntranceFee
FNDA:1,Raffle.getEntranceFee
DA:193,1
FN:196,Raffle.getNumberOfPlayers
FNDA:2,Raffle.getNumberOfPlayers
DA:197,2
FNF:13
FNH:13
LF:37
LH:36
BRF:8
BRH:6
end_of_record
TN:
SF:test/mocks/LinkToken.sol
FN:28,LinkToken.transferAndCall
FNDA:0,LinkToken.transferAndCall
DA:29,0
DA:31,0
DA:32,0
BRDA:32,0,0,-
BRDA:32,0,1,-
DA:33,0
DA:35,0
FN:40,LinkToken.contractFallback
FNDA:0,LinkToken.contractFallback
DA:41,0
DA:42,0
FN:45,LinkToken.isContract
FNDA:0,LinkToken.isContract
DA:46,0
DA:48,0
DA:50,0
FNF:3
FNH:0
LF:10
LH:0
BRF:2
BRH:0
end_of_record
