TN:
SF:script/DeployRaffle.s.sol
FN:10,DeployRaffle.run
FNDA:1,DeployRaffle.run
DA:11,1
DA:12,1
DA:14,1
DA:23,1
DA:25,1
BRDA:25,0,0,-
BRDA:25,0,1,1
DA:26,1
DA:27,1
DA:29,1
DA:30,1
DA:33,1
DA:34,1
DA:35,1
DA:38,1
DA:39,1
FNF:1
FNH:1
LF:14
LH:14
BRF:2
BRH:1
end_of_record
TN:
SF:script/HelperConfig.s.sol
FN:34,HelperConfig.getMainnetEthConfig
FNDA:0,HelperConfig.getMainnetEthConfig
DA:35,0
FN:47,HelperConfig.getSepoliaEthConfig
FNDA:0,HelperConfig.getSepoliaEthConfig
DA:48,0
FN:60,HelperConfig.getOrCreateAnvilEthConfig
FNDA:0,HelperConfig.getOrCreateAnvilEthConfig
DA:62,0
BRDA:62,0,0,-
BRDA:62,0,1,-
DA:63,0
DA:66,0
DA:67,0
DA:69,0
DA:70,0
DA:71,0
DA:72,0
DA:74,0
DA:76,0
FNF:3
FNH:0
LF:12
LH:0
BRF:2
BRH:0
end_of_record
TN:
SF:script/Interactions.s.sol
FN:69,FundSubscription.fundSubscriptionUsingConfig
FNDA:0,FundSubscription.fundSubscriptionUsingConfig
DA:70,0
DA:72,0
DA:74,0
FN:77,FundSubscription.fundSubscription
FNDA:1,FundSubscription.fundSubscription
DA:78,1
DA:79,1
DA:80,1
DA:82,1
BRDA:82,0,0,-
BRDA:82,0,1,1
DA:83,1
DA:84,1
DA:85,1
DA:87,0
DA:88,0
DA:89,0
DA:90,0
DA:92,0
DA:93,0
DA:94,0
FN:98,FundSubscription.run
FNDA:0,FundSubscription.run
DA:99,0
FN:40,AddConsumer.addConsumerUsingConfig
FNDA:0,AddConsumer.addConsumerUsingConfig
DA:41,0
DA:43,0
DA:45,0
FN:48,AddConsumer.addConsumer
FNDA:1,AddConsumer.addConsumer
DA:49,1
DA:50,1
DA:51,1
DA:53,1
DA:54,1
DA:55,1
FN:58,AddConsumer.run
FNDA:0,AddConsumer.run
DA:59,0
DA:61,0
FN:12,CreateSubscription.createSubscriptionUsingConfig
FNDA:0,CreateSubscription.createSubscriptionUsingConfig
DA:14,0
DA:16,0
DA:18,0
FN:21,CreateSubscription.createSubscription
FNDA:1,CreateSubscription.createSubscription
DA:22,1
DA:24,1
DA:25,1
DA:26,1
DA:28,1
DA:29,1
DA:31,1
FN:34,CreateSubscription.run
FNDA:0,CreateSubscription.run
DA:35,0
FNF:9
FNH:3
LF:40
LH:20
BRF:2
BRH:1
end_of_record
TN:
SF:src/Raffle.sol
FN:89,Raffle.enterRaffle
FNDA:273,Raffle.enterRaffle
DA:92,273
BRDA:92,0,0,1
BRDA:92,0,1,272
DA:93,1
DA:95,272
BRDA:95,1,0,1
BRDA:95,1,1,271
DA:96,1
DA:98,271
DA:101,271
FN:113,Raffle.checkUpkeep
FNDA:4,Raffle.checkUpkeep
DA:114,10
DA:115,10
DA:116,10
DA:117,10
DA:118,10
DA:119,10
FN:126,Raffle.performUpkeep
FNDA:6,Raffle.performUpkeep
DA:127,6
DA:128,6
BRDA:128,2,0,-
BRDA:128,2,1,1
DA:129,1
DA:132,5
DA:133,5
DA:135,5
DA:136,5
FN:143,Raffle.fulfillRandomWords
FNDA:1,Raffle.fulfillRandomWords
DA:150,1
DA:151,1
DA:152,1
DA:153,1
DA:154,1
DA:155,1
DA:156,1
DA:158,1
BRDA:158,3,0,-
BRDA:158,3,1,1
DA:159,0
DA:161,1
FN:166,Raffle.getRaffleState
FNDA:5,Raffle.getRaffleState
DA:167,5
FN:170,Raffle.getNumWords
FNDA:1,Raffle.getNumWords
DA:171,1
FN:174,Raffle.getRequestConfirmations
FNDA:1,Raffle.getRequestConfirmations
DA:175,1
FN:178,Raffle.getRecentWinner
FNDA:1,Raffle.getRecentWinner
DA:179,1
FN:182,Raffle.getPlayer
FNDA:1,Raffle.getPlayer
DA:183,1
FN:186,Raffle.getLastTimeStamp
FNDA:2,Raffle.getLastTimeStamp
DA:187,2
FN:190,Raffle.getInterval
FNDA:1,Raffle.getInterval
DA:191,1
FN:194,Raffle.getEntranceFee
FNDA:1,Raffle.getEntranceFee
DA:195,1
FN:198,Raffle.getNumberOfPlayers
FNDA:3,Raffle.getNumberOfPlayers
DA:199,3
FNF:13
FNH:13
LF:38
LH:37
BRF:8
BRH:6
end_of_record
TN:
SF:test/mocks/LinkToken.sol
FN:28,LinkToken.transferAndCall
FNDA:0,LinkToken.transferAndCall
DA:29,0
DA:31,0
DA:32,0
BRDA:32,0,0,-
BRDA:32,0,1,-
DA:33,0
DA:35,0
FN:40,LinkToken.contractFallback
FNDA:0,LinkToken.contractFallback
DA:41,0
DA:42,0
FN:45,LinkToken.isContract
FNDA:0,LinkToken.isContract
DA:46,0
DA:48,0
DA:50,0
FNF:3
FNH:0
LF:10
LH:0
BRF:2
BRH:0
end_of_record
